WARNING:tensorflow:At least two cells provided to MultiRNNCell are the same object and will share weights.
WARNING:tensorflow:From /home/caiyr/Location/Net.py:25: softmax_cross_entropy_with_logits (from tensorflow.python.ops.nn_ops) is deprecated and will be removed in a future version.
Instructions for updating:

Future major versions of TensorFlow will allow gradients to flow
into the labels input on backprop by default.

See `tf.nn.softmax_cross_entropy_with_logits_v2`.

2019-07-03 11:40:19.113959: I tensorflow/core/platform/cpu_feature_guard.cc:141] Your CPU supports instructions that this TensorFlow binary was not compiled to use: AVX2 FMA
2019-07-03 11:40:22.128000: I tensorflow/core/common_runtime/gpu/gpu_device.cc:1411] Found device 0 with properties: 
name: Tesla K40m major: 3 minor: 5 memoryClockRate(GHz): 0.745
pciBusID: 0000:04:00.0
totalMemory: 11.17GiB freeMemory: 11.10GiB
2019-07-03 11:40:22.250139: I tensorflow/core/common_runtime/gpu/gpu_device.cc:1411] Found device 1 with properties: 
name: Tesla K40m major: 3 minor: 5 memoryClockRate(GHz): 0.745
pciBusID: 0000:82:00.0
totalMemory: 11.92GiB freeMemory: 11.84GiB
2019-07-03 11:40:22.250253: I tensorflow/core/common_runtime/gpu/gpu_device.cc:1490] Adding visible gpu devices: 0, 1
2019-07-03 11:40:23.165586: I tensorflow/core/common_runtime/gpu/gpu_device.cc:971] Device interconnect StreamExecutor with strength 1 edge matrix:
2019-07-03 11:40:23.165674: I tensorflow/core/common_runtime/gpu/gpu_device.cc:977]      0 1 
2019-07-03 11:40:23.165704: I tensorflow/core/common_runtime/gpu/gpu_device.cc:990] 0:   N N 
2019-07-03 11:40:23.165713: I tensorflow/core/common_runtime/gpu/gpu_device.cc:990] 1:   N N 
2019-07-03 11:40:23.166561: I tensorflow/core/common_runtime/gpu/gpu_device.cc:1103] Created TensorFlow device (/job:localhost/replica:0/task:0/device:GPU:0 with 10750 MB memory) -> physical GPU (device: 0, name: Tesla K40m, pci bus id: 0000:04:00.0, compute capability: 3.5)
2019-07-03 11:40:23.431433: I tensorflow/core/common_runtime/gpu/gpu_device.cc:1103] Created TensorFlow device (/job:localhost/replica:0/task:0/device:GPU:1 with 11477 MB memory) -> physical GPU (device: 1, name: Tesla K40m, pci bus id: 0000:82:00.0, compute capability: 3.5)
